GowinSynthesis start
Running parser ...
Analyzing Verilog file 'C:\Users\hikar\Workspace\cpe222-lab\mine\TangNano-4K-example\camera_hdmi\src\conversion.v'
Analyzing Verilog file 'C:\Users\hikar\Workspace\cpe222-lab\mine\TangNano-4K-example\camera_hdmi\src\dvi_tx\dvi_tx.v'
Analyzing Verilog file 'C:\Users\hikar\Workspace\cpe222-lab\mine\TangNano-4K-example\camera_hdmi\src\gowin_pllvr\GW_PLLVR.v'
Analyzing Verilog file 'C:\Users\hikar\Workspace\cpe222-lab\mine\TangNano-4K-example\camera_hdmi\src\gowin_pllvr\TMDS_PLLVR.v'
Analyzing Verilog file 'C:\Users\hikar\Workspace\cpe222-lab\mine\TangNano-4K-example\camera_hdmi\src\hyperram_memory_interface\hyperram_memory_interface.v'
Analyzing Verilog file 'C:\Users\hikar\Workspace\cpe222-lab\mine\TangNano-4K-example\camera_hdmi\src\ov2640\I2C_Interface.v'
Analyzing Verilog file 'C:\Users\hikar\Workspace\cpe222-lab\mine\TangNano-4K-example\camera_hdmi\src\ov2640\OV2640_Controller.v'
Analyzing Verilog file 'C:\Users\hikar\Workspace\cpe222-lab\mine\TangNano-4K-example\camera_hdmi\src\ov2640\OV2640_Registers.v'
Analyzing Verilog file 'C:\Users\hikar\Workspace\cpe222-lab\mine\TangNano-4K-example\camera_hdmi\src\syn_code\syn_gen.v'
Analyzing Verilog file 'C:\Users\hikar\Workspace\cpe222-lab\mine\TangNano-4K-example\camera_hdmi\src\video_frame_buffer\video_frame_buffer.v'
Analyzing Verilog file 'C:\Users\hikar\Workspace\cpe222-lab\mine\TangNano-4K-example\camera_hdmi\src\video_top.v'
Undeclared symbol 'sys_resetn', assumed default net type 'wire'("C:\Users\hikar\Workspace\cpe222-lab\mine\TangNano-4K-example\camera_hdmi\src\video_top.v":162)
Undeclared symbol 'resend', assumed default net type 'wire'("C:\Users\hikar\Workspace\cpe222-lab\mine\TangNano-4K-example\camera_hdmi\src\video_top.v":168)
Undeclared symbol 'key_flag', assumed default net type 'wire'("C:\Users\hikar\Workspace\cpe222-lab\mine\TangNano-4K-example\camera_hdmi\src\video_top.v":256)
WARN  (EX3628) : Redeclaration of ANSI port 'key_flag' is not allowed("C:\Users\hikar\Workspace\cpe222-lab\mine\TangNano-4K-example\camera_hdmi\src\video_top.v":458)
WARN  (EX3801) : Parameter 'count_ms' becomes localparam in 'key_flag' with formal parameter declaration list("C:\Users\hikar\Workspace\cpe222-lab\mine\TangNano-4K-example\camera_hdmi\src\video_top.v":442)
WARN  (EX3801) : Parameter 'count_20ms' becomes localparam in 'key_flag' with formal parameter declaration list("C:\Users\hikar\Workspace\cpe222-lab\mine\TangNano-4K-example\camera_hdmi\src\video_top.v":444)
WARN  (EX3801) : Parameter 'count_500ms' becomes localparam in 'key_flag' with formal parameter declaration list("C:\Users\hikar\Workspace\cpe222-lab\mine\TangNano-4K-example\camera_hdmi\src\video_top.v":445)
Compiling module 'video_top'("C:\Users\hikar\Workspace\cpe222-lab\mine\TangNano-4K-example\camera_hdmi\src\video_top.v":1)
Compiling module 'Reset_Sync'("C:\Users\hikar\Workspace\cpe222-lab\mine\TangNano-4K-example\camera_hdmi\src\video_top.v":413)
Compiling module 'OV2640_Controller'("C:\Users\hikar\Workspace\cpe222-lab\mine\TangNano-4K-example\camera_hdmi\src\ov2640\OV2640_Controller.v":1)
Compiling module 'OV2640_Registers'("C:\Users\hikar\Workspace\cpe222-lab\mine\TangNano-4K-example\camera_hdmi\src\ov2640\OV2640_Registers.v":1)
WARN  (EX3791) : Expression size 10 truncated to fit in target size 9("C:\Users\hikar\Workspace\cpe222-lab\mine\TangNano-4K-example\camera_hdmi\src\ov2640\OV2640_Registers.v":283)
Compiling module 'I2C_Interface(SID=8'h60)'("C:\Users\hikar\Workspace\cpe222-lab\mine\TangNano-4K-example\camera_hdmi\src\ov2640\I2C_Interface.v":14)
WARN  (EX3791) : Expression size 9 truncated to fit in target size 8("C:\Users\hikar\Workspace\cpe222-lab\mine\TangNano-4K-example\camera_hdmi\src\ov2640\I2C_Interface.v":81)
WARN  (EX3791) : Expression size 9 truncated to fit in target size 8("C:\Users\hikar\Workspace\cpe222-lab\mine\TangNano-4K-example\camera_hdmi\src\ov2640\I2C_Interface.v":166)
Compiling module 'key_flag'("C:\Users\hikar\Workspace\cpe222-lab\mine\TangNano-4K-example\camera_hdmi\src\video_top.v":432)
WARN  (EX3791) : Expression size 31 truncated to fit in target size 30("C:\Users\hikar\Workspace\cpe222-lab\mine\TangNano-4K-example\camera_hdmi\src\video_top.v":464)
Compiling module 'Video_Frame_Buffer_Top'("C:\Users\hikar\Workspace\cpe222-lab\mine\TangNano-4K-example\camera_hdmi\src\video_frame_buffer\video_frame_buffer.v":3014)
Compiling module '**'("C:\Users\hikar\Workspace\cpe222-lab\mine\TangNano-4K-example\camera_hdmi\src\video_frame_buffer\video_frame_buffer.v":3013)
Compiling module 'GW_PLLVR'("C:\Users\hikar\Workspace\cpe222-lab\mine\TangNano-4K-example\camera_hdmi\src\gowin_pllvr\GW_PLLVR.v":8)
Compiling module 'HyperRAM_Memory_Interface_Top'("C:\Users\hikar\Workspace\cpe222-lab\mine\TangNano-4K-example\camera_hdmi\src\hyperram_memory_interface\hyperram_memory_interface.v":3735)
Compiling module '**'("C:\Users\hikar\Workspace\cpe222-lab\mine\TangNano-4K-example\camera_hdmi\src\hyperram_memory_interface\hyperram_memory_interface.v":3734)
WARN  (EX1998) : Net '**' does not have a driver("C:\Users\hikar\Workspace\cpe222-lab\mine\TangNano-4K-example\camera_hdmi\src\hyperram_memory_interface\hyperram_memory_interface.v":3734)
Compiling module 'syn_gen'("C:\Users\hikar\Workspace\cpe222-lab\mine\TangNano-4K-example\camera_hdmi\src\syn_code\syn_gen.v":1)
Compiling module 'TMDS_PLLVR'("C:\Users\hikar\Workspace\cpe222-lab\mine\TangNano-4K-example\camera_hdmi\src\gowin_pllvr\TMDS_PLLVR.v":9)
Compiling module 'DVI_TX_Top'("C:\Users\hikar\Workspace\cpe222-lab\mine\TangNano-4K-example\camera_hdmi\src\dvi_tx\dvi_tx.v":1048)
Compiling module '**'("C:\Users\hikar\Workspace\cpe222-lab\mine\TangNano-4K-example\camera_hdmi\src\dvi_tx\dvi_tx.v":1047)
NOTE  (EX0101) : Current top module is "video_top"
WARN  (EX0211) : The output port "rd_data[10]" of module "~hpram_wd.HyperRAM_Memory_Interface_Top_" has no driver, assigning undriven bits to Z, simulation mismatch possible("C:\Users\hikar\Workspace\cpe222-lab\mine\TangNano-4K-example\camera_hdmi\src\hyperram_memory_interface\hyperram_memory_interface.v":3734)
WARN  (EX0211) : The output port "rd_data[5]" of module "~hpram_wd.HyperRAM_Memory_Interface_Top_" has no driver, assigning undriven bits to Z, simulation mismatch possible("C:\Users\hikar\Workspace\cpe222-lab\mine\TangNano-4K-example\camera_hdmi\src\hyperram_memory_interface\hyperram_memory_interface.v":3734)
WARN  (EX0211) : The output port "rd_data[10]" of module "~hpram_lane.HyperRAM_Memory_Interface_Top__Z1" has no driver, assigning undriven bits to Z, simulation mismatch possible("C:\Users\hikar\Workspace\cpe222-lab\mine\TangNano-4K-example\camera_hdmi\src\hyperram_memory_interface\hyperram_memory_interface.v":3734)
WARN  (EX0211) : The output port "rd_data[5]" of module "~hpram_lane.HyperRAM_Memory_Interface_Top__Z1" has no driver, assigning undriven bits to Z, simulation mismatch possible("C:\Users\hikar\Workspace\cpe222-lab\mine\TangNano-4K-example\camera_hdmi\src\hyperram_memory_interface\hyperram_memory_interface.v":3734)
WARN  (EX0211) : The output port "addr_d[19]" of module "~hpram_init.HyperRAM_Memory_Interface_Top_" has no driver, assigning undriven bits to Z, simulation mismatch possible("C:\Users\hikar\Workspace\cpe222-lab\mine\TangNano-4K-example\camera_hdmi\src\hyperram_memory_interface\hyperram_memory_interface.v":3734)
WARN  (EX0211) : The output port "O_led[1]" of module "video_top" has no driver, assigning undriven bits to Z, simulation mismatch possible("C:\Users\hikar\Workspace\cpe222-lab\mine\TangNano-4K-example\camera_hdmi\src\video_top.v":4)
ERROR (EX0344) : Net "O_hpram_ck[0]" has multiple drivers, drived by "HyperRAM_Memory_Interface_Top_inst/u_hpram_top/u_hpram_wd/u_clk_gen0"("C:\Users\hikar\Workspace\cpe222-lab\mine\TangNano-4K-example\camera_hdmi\src\hyperram_memory_interface\hyperram_memory_interface.v":3734)
ERROR (EX0344) : Net "O_hpram_ck[0]" has multiple drivers, drived by "O_hpram_ck_0_s"("C:\Users\hikar\Workspace\cpe222-lab\mine\TangNano-4K-example\camera_hdmi\src\video_top.v":249)
ERROR (EX0344) : Net "O_hpram_ck_0" has multiple drivers, drived by "HyperRAM_Memory_Interface_Top_inst/u_hpram_top/u_hpram_wd/u_clk_gen0"("C:\Users\hikar\Workspace\cpe222-lab\mine\TangNano-4K-example\camera_hdmi\src\hyperram_memory_interface\hyperram_memory_interface.v":3734)
ERROR (EX0344) : Net "O_hpram_ck_0" has multiple drivers, drived by "O_hpram_ck_0_s"("C:\Users\hikar\Workspace\cpe222-lab\mine\TangNano-4K-example\camera_hdmi\src\video_top.v":249)
GowinSynthesis finish
